# Logfile created on 2014-02-17 12:02:15 -0800 by logger.rb/44203
I, [2014-02-17T12:02:15.845820 #57721]  INFO -- : 0:  rake (10.1.1) from /Users/bmckinley/.rvm/gems/ruby-2.1.0/specifications/rake-10.1.1.gemspec
I, [2014-02-17T12:02:15.846579 #57721]  INFO -- : 0:  i18n (0.6.9) from /Users/bmckinley/.rvm/gems/ruby-2.1.0/specifications/i18n-0.6.9.gemspec
I, [2014-02-17T12:02:15.847161 #57721]  INFO -- : 0:  minitest (4.7.5) from /Users/bmckinley/.rvm/rubies/ruby-2.1.0/lib/ruby/gems/2.1.0/specifications/default/minitest-4.7.5.gemspec
I, [2014-02-17T12:02:15.847786 #57721]  INFO -- : 0:  multi_json (1.8.4) from /Users/bmckinley/.rvm/gems/ruby-2.1.0/specifications/multi_json-1.8.4.gemspec
I, [2014-02-17T12:02:15.848375 #57721]  INFO -- : 0:  atomic (1.1.14) from /Users/bmckinley/.rvm/gems/ruby-2.1.0/specifications/atomic-1.1.14.gemspec
I, [2014-02-17T12:02:15.848986 #57721]  INFO -- : 0:  thread_safe (0.1.3) from /Users/bmckinley/.rvm/gems/ruby-2.1.0/specifications/thread_safe-0.1.3.gemspec
I, [2014-02-17T12:02:15.849624 #57721]  INFO -- : 0:  tzinfo (0.3.38) from /Users/bmckinley/.rvm/gems/ruby-2.1.0/specifications/tzinfo-0.3.38.gemspec
I, [2014-02-17T12:02:15.850237 #57721]  INFO -- : 0:  activesupport (4.0.2) from /Users/bmckinley/.rvm/gems/ruby-2.1.0/specifications/activesupport-4.0.2.gemspec
I, [2014-02-17T12:02:15.850944 #57721]  INFO -- : 0:  builder (3.1.4) from /Users/bmckinley/.rvm/gems/ruby-2.1.0/specifications/builder-3.1.4.gemspec
I, [2014-02-17T12:02:15.851557 #57721]  INFO -- : 0:  erubis (2.7.0) from /Users/bmckinley/.rvm/gems/ruby-2.1.0/specifications/erubis-2.7.0.gemspec
I, [2014-02-17T12:02:15.852130 #57721]  INFO -- : 0:  rack (1.5.2) from /Users/bmckinley/.rvm/gems/ruby-2.1.0/specifications/rack-1.5.2.gemspec
I, [2014-02-17T12:02:15.852712 #57721]  INFO -- : 0:  rack-test (0.6.2) from /Users/bmckinley/.rvm/gems/ruby-2.1.0/specifications/rack-test-0.6.2.gemspec
I, [2014-02-17T12:02:15.853346 #57721]  INFO -- : 0:  actionpack (4.0.2) from /Users/bmckinley/.rvm/gems/ruby-2.1.0/specifications/actionpack-4.0.2.gemspec
I, [2014-02-17T12:02:15.853940 #57721]  INFO -- : 0:  mime-types (1.25.1) from /Users/bmckinley/.rvm/gems/ruby-2.1.0/specifications/mime-types-1.25.1.gemspec
I, [2014-02-17T12:02:15.854522 #57721]  INFO -- : 0:  polyglot (0.3.3) from /Users/bmckinley/.rvm/gems/ruby-2.1.0/specifications/polyglot-0.3.3.gemspec
I, [2014-02-17T12:02:15.855077 #57721]  INFO -- : 0:  treetop (1.4.15) from /Users/bmckinley/.rvm/gems/ruby-2.1.0/specifications/treetop-1.4.15.gemspec
I, [2014-02-17T12:02:15.855673 #57721]  INFO -- : 0:  mail (2.5.4) from /Users/bmckinley/.rvm/gems/ruby-2.1.0/specifications/mail-2.5.4.gemspec
I, [2014-02-17T12:02:15.856219 #57721]  INFO -- : 0:  actionmailer (4.0.2) from /Users/bmckinley/.rvm/gems/ruby-2.1.0/specifications/actionmailer-4.0.2.gemspec
I, [2014-02-17T12:02:15.856780 #57721]  INFO -- : 0:  activemodel (4.0.2) from /Users/bmckinley/.rvm/gems/ruby-2.1.0/specifications/activemodel-4.0.2.gemspec
I, [2014-02-17T12:02:15.857323 #57721]  INFO -- : 0:  activerecord-deprecated_finders (1.0.3) from /Users/bmckinley/.rvm/gems/ruby-2.1.0/specifications/activerecord-deprecated_finders-1.0.3.gemspec
I, [2014-02-17T12:02:15.857826 #57721]  INFO -- : 0:  arel (4.0.2) from /Users/bmckinley/.rvm/gems/ruby-2.1.0/specifications/arel-4.0.2.gemspec
I, [2014-02-17T12:02:15.858333 #57721]  INFO -- : 0:  activerecord (4.0.2) from /Users/bmckinley/.rvm/gems/ruby-2.1.0/specifications/activerecord-4.0.2.gemspec
I, [2014-02-17T12:02:15.858850 #57721]  INFO -- : 0:  bundler (1.5.1) from /Users/bmckinley/.rvm/gems/ruby-2.1.0@global/specifications/bundler-1.5.1.gemspec
I, [2014-02-17T12:02:16.805126 #57721]  INFO -- : 0:  coffee-script-source (1.7.0) from /Users/bmckinley/.rvm/gems/ruby-2.1.0/specifications/coffee-script-source-1.7.0.gemspec
I, [2014-02-17T12:02:17.854322 #57721]  INFO -- : 0:  execjs (2.0.2) from /Users/bmckinley/.rvm/gems/ruby-2.1.0/specifications/execjs-2.0.2.gemspec
I, [2014-02-17T12:02:18.810324 #57721]  INFO -- : 0:  coffee-script (2.2.0) from /Users/bmckinley/.rvm/gems/ruby-2.1.0/specifications/coffee-script-2.2.0.gemspec
I, [2014-02-17T12:02:18.810767 #57721]  INFO -- : 0:  thor (0.18.1) from /Users/bmckinley/.rvm/gems/ruby-2.1.0/specifications/thor-0.18.1.gemspec
I, [2014-02-17T12:02:18.811113 #57721]  INFO -- : 0:  railties (4.0.2) from /Users/bmckinley/.rvm/gems/ruby-2.1.0/specifications/railties-4.0.2.gemspec
I, [2014-02-17T12:02:19.466552 #57721]  INFO -- : 0:  coffee-rails (4.0.1) from /Users/bmckinley/.rvm/gems/ruby-2.1.0/specifications/coffee-rails-4.0.1.gemspec
I, [2014-02-17T12:02:19.466936 #57721]  INFO -- : 0:  hike (1.2.3) from /Users/bmckinley/.rvm/gems/ruby-2.1.0/specifications/hike-1.2.3.gemspec
I, [2014-02-17T12:02:20.270098 #57721]  INFO -- : 0:  jbuilder (1.5.3) from /Users/bmckinley/.rvm/gems/ruby-2.1.0/specifications/jbuilder-1.5.3.gemspec
I, [2014-02-17T12:02:21.265880 #57721]  INFO -- : 0:  jquery-rails (3.1.0) from /Users/bmckinley/.rvm/gems/ruby-2.1.0/specifications/jquery-rails-3.1.0.gemspec
I, [2014-02-17T12:02:21.266545 #57721]  INFO -- : 0:  json (1.8.1) from /Users/bmckinley/.rvm/rubies/ruby-2.1.0/lib/ruby/gems/2.1.0/specifications/default/json-1.8.1.gemspec
I, [2014-02-17T12:02:21.267106 #57721]  INFO -- : 0:  tilt (1.4.1) from /Users/bmckinley/.rvm/gems/ruby-2.1.0/specifications/tilt-1.4.1.gemspec
I, [2014-02-17T12:02:21.267606 #57721]  INFO -- : 0:  sprockets (2.10.1) from /Users/bmckinley/.rvm/gems/ruby-2.1.0/specifications/sprockets-2.10.1.gemspec
I, [2014-02-17T12:02:21.268093 #57721]  INFO -- : 0:  sprockets-rails (2.0.1) from /Users/bmckinley/.rvm/gems/ruby-2.1.0/specifications/sprockets-rails-2.0.1.gemspec
I, [2014-02-17T12:02:21.268630 #57721]  INFO -- : 0:  rails (4.0.2) from /Users/bmckinley/.rvm/gems/ruby-2.1.0/specifications/rails-4.0.2.gemspec
I, [2014-02-17T12:02:23.738019 #57721]  INFO -- : 0:  rdoc (4.1.1) from /Users/bmckinley/.rvm/gems/ruby-2.1.0/specifications/rdoc-4.1.1.gemspec
I, [2014-02-17T12:02:25.837007 #57721]  INFO -- : 0:  sass (3.2.14) from /Users/bmckinley/.rvm/gems/ruby-2.1.0/specifications/sass-3.2.14.gemspec
I, [2014-02-17T12:02:26.934190 #57721]  INFO -- : 0:  sass-rails (4.0.1) from /Users/bmckinley/.rvm/gems/ruby-2.1.0/specifications/sass-rails-4.0.1.gemspec
I, [2014-02-17T12:02:28.648531 #57721]  INFO -- : 0:  sdoc (0.4.0) from /Users/bmckinley/.rvm/gems/ruby-2.1.0/specifications/sdoc-0.4.0.gemspec
I, [2014-02-17T12:02:32.416301 #57721]  INFO -- : 0:  sqlite3 (1.3.8) from /Users/bmckinley/.rvm/gems/ruby-2.1.0/specifications/sqlite3-1.3.8.gemspec
I, [2014-02-17T12:02:33.038974 #57721]  INFO -- : 0:  turbolinks (2.2.1) from /Users/bmckinley/.rvm/gems/ruby-2.1.0/specifications/turbolinks-2.2.1.gemspec
I, [2014-02-17T12:02:33.646582 #57721]  INFO -- : 0:  uglifier (2.4.0) from /Users/bmckinley/.rvm/gems/ruby-2.1.0/specifications/uglifier-2.4.0.gemspec
I, [2014-02-17T15:28:41.835588 #77742]  INFO -- : 0:  rake (10.1.1) from /Users/bmckinley/.rvm/gems/ruby-2.1.0/specifications/rake-10.1.1.gemspec
I, [2014-02-17T15:28:41.836703 #77742]  INFO -- : 0:  i18n (0.6.9) from /Users/bmckinley/.rvm/gems/ruby-2.1.0/specifications/i18n-0.6.9.gemspec
I, [2014-02-17T15:28:41.837143 #77742]  INFO -- : 0:  minitest (4.7.5) from /Users/bmckinley/.rvm/rubies/ruby-2.1.0/lib/ruby/gems/2.1.0/specifications/default/minitest-4.7.5.gemspec
I, [2014-02-17T15:28:41.837539 #77742]  INFO -- : 0:  multi_json (1.8.4) from /Users/bmckinley/.rvm/gems/ruby-2.1.0/specifications/multi_json-1.8.4.gemspec
I, [2014-02-17T15:28:41.837938 #77742]  INFO -- : 0:  atomic (1.1.14) from /Users/bmckinley/.rvm/gems/ruby-2.1.0/specifications/atomic-1.1.14.gemspec
I, [2014-02-17T15:28:41.838383 #77742]  INFO -- : 0:  thread_safe (0.1.3) from /Users/bmckinley/.rvm/gems/ruby-2.1.0/specifications/thread_safe-0.1.3.gemspec
I, [2014-02-17T15:28:41.838987 #77742]  INFO -- : 0:  tzinfo (0.3.38) from /Users/bmckinley/.rvm/gems/ruby-2.1.0/specifications/tzinfo-0.3.38.gemspec
I, [2014-02-17T15:28:41.839339 #77742]  INFO -- : 0:  activesupport (4.0.2) from /Users/bmckinley/.rvm/gems/ruby-2.1.0/specifications/activesupport-4.0.2.gemspec
I, [2014-02-17T15:28:41.839677 #77742]  INFO -- : 0:  builder (3.1.4) from /Users/bmckinley/.rvm/gems/ruby-2.1.0/specifications/builder-3.1.4.gemspec
I, [2014-02-17T15:28:41.840019 #77742]  INFO -- : 0:  erubis (2.7.0) from /Users/bmckinley/.rvm/gems/ruby-2.1.0/specifications/erubis-2.7.0.gemspec
I, [2014-02-17T15:28:41.840338 #77742]  INFO -- : 0:  rack (1.5.2) from /Users/bmckinley/.rvm/gems/ruby-2.1.0/specifications/rack-1.5.2.gemspec
I, [2014-02-17T15:28:41.840653 #77742]  INFO -- : 0:  rack-test (0.6.2) from /Users/bmckinley/.rvm/gems/ruby-2.1.0/specifications/rack-test-0.6.2.gemspec
I, [2014-02-17T15:28:41.841041 #77742]  INFO -- : 0:  actionpack (4.0.2) from /Users/bmckinley/.rvm/gems/ruby-2.1.0/specifications/actionpack-4.0.2.gemspec
I, [2014-02-17T15:28:41.841359 #77742]  INFO -- : 0:  mime-types (1.25.1) from /Users/bmckinley/.rvm/gems/ruby-2.1.0/specifications/mime-types-1.25.1.gemspec
I, [2014-02-17T15:28:41.841670 #77742]  INFO -- : 0:  polyglot (0.3.3) from /Users/bmckinley/.rvm/gems/ruby-2.1.0/specifications/polyglot-0.3.3.gemspec
I, [2014-02-17T15:28:41.841984 #77742]  INFO -- : 0:  treetop (1.4.15) from /Users/bmckinley/.rvm/gems/ruby-2.1.0/specifications/treetop-1.4.15.gemspec
I, [2014-02-17T15:28:41.845134 #77742]  INFO -- : 0:  mail (2.5.4) from /Users/bmckinley/.rvm/gems/ruby-2.1.0/specifications/mail-2.5.4.gemspec
I, [2014-02-17T15:28:41.845520 #77742]  INFO -- : 0:  actionmailer (4.0.2) from /Users/bmckinley/.rvm/gems/ruby-2.1.0/specifications/actionmailer-4.0.2.gemspec
I, [2014-02-17T15:28:41.845828 #77742]  INFO -- : 0:  activemodel (4.0.2) from /Users/bmckinley/.rvm/gems/ruby-2.1.0/specifications/activemodel-4.0.2.gemspec
I, [2014-02-17T15:28:41.846138 #77742]  INFO -- : 0:  activerecord-deprecated_finders (1.0.3) from /Users/bmckinley/.rvm/gems/ruby-2.1.0/specifications/activerecord-deprecated_finders-1.0.3.gemspec
I, [2014-02-17T15:28:41.846432 #77742]  INFO -- : 0:  arel (4.0.2) from /Users/bmckinley/.rvm/gems/ruby-2.1.0/specifications/arel-4.0.2.gemspec
I, [2014-02-17T15:28:41.846735 #77742]  INFO -- : 0:  activerecord (4.0.2) from /Users/bmckinley/.rvm/gems/ruby-2.1.0/specifications/activerecord-4.0.2.gemspec
I, [2014-02-17T15:28:41.847024 #77742]  INFO -- : 0:  bundler (1.5.1) from /Users/bmckinley/.rvm/gems/ruby-2.1.0@global/specifications/bundler-1.5.1.gemspec
I, [2014-02-17T15:28:41.847334 #77742]  INFO -- : 0:  coffee-script-source (1.7.0) from /Users/bmckinley/.rvm/gems/ruby-2.1.0/specifications/coffee-script-source-1.7.0.gemspec
I, [2014-02-17T15:28:41.847641 #77742]  INFO -- : 0:  execjs (2.0.2) from /Users/bmckinley/.rvm/gems/ruby-2.1.0/specifications/execjs-2.0.2.gemspec
I, [2014-02-17T15:28:41.847943 #77742]  INFO -- : 0:  coffee-script (2.2.0) from /Users/bmckinley/.rvm/gems/ruby-2.1.0/specifications/coffee-script-2.2.0.gemspec
I, [2014-02-17T15:28:41.848238 #77742]  INFO -- : 0:  thor (0.18.1) from /Users/bmckinley/.rvm/gems/ruby-2.1.0/specifications/thor-0.18.1.gemspec
I, [2014-02-17T15:28:41.848533 #77742]  INFO -- : 0:  railties (4.0.2) from /Users/bmckinley/.rvm/gems/ruby-2.1.0/specifications/railties-4.0.2.gemspec
I, [2014-02-17T15:28:41.848831 #77742]  INFO -- : 0:  coffee-rails (4.0.1) from /Users/bmckinley/.rvm/gems/ruby-2.1.0/specifications/coffee-rails-4.0.1.gemspec
I, [2014-02-17T15:28:41.849122 #77742]  INFO -- : 0:  hike (1.2.3) from /Users/bmckinley/.rvm/gems/ruby-2.1.0/specifications/hike-1.2.3.gemspec
I, [2014-02-17T15:28:41.849416 #77742]  INFO -- : 0:  jbuilder (1.5.3) from /Users/bmckinley/.rvm/gems/ruby-2.1.0/specifications/jbuilder-1.5.3.gemspec
I, [2014-02-17T15:28:43.371390 #77742]  INFO -- : 0:  jquery-rails (3.0.4) from /Users/bmckinley/.rvm/gems/ruby-2.1.0/specifications/jquery-rails-3.0.4.gemspec
I, [2014-02-17T15:28:43.371961 #77742]  INFO -- : 0:  json (1.8.1) from /Users/bmckinley/.rvm/rubies/ruby-2.1.0/lib/ruby/gems/2.1.0/specifications/default/json-1.8.1.gemspec
I, [2014-02-17T15:28:43.372399 #77742]  INFO -- : 0:  tilt (1.4.1) from /Users/bmckinley/.rvm/gems/ruby-2.1.0/specifications/tilt-1.4.1.gemspec
I, [2014-02-17T15:28:43.372827 #77742]  INFO -- : 0:  sprockets (2.10.1) from /Users/bmckinley/.rvm/gems/ruby-2.1.0/specifications/sprockets-2.10.1.gemspec
I, [2014-02-17T15:28:43.373281 #77742]  INFO -- : 0:  sprockets-rails (2.0.1) from /Users/bmckinley/.rvm/gems/ruby-2.1.0/specifications/sprockets-rails-2.0.1.gemspec
I, [2014-02-17T15:28:43.373702 #77742]  INFO -- : 0:  rails (4.0.2) from /Users/bmckinley/.rvm/gems/ruby-2.1.0/specifications/rails-4.0.2.gemspec
I, [2014-02-17T15:28:43.374105 #77742]  INFO -- : 0:  rdoc (4.1.1) from /Users/bmckinley/.rvm/gems/ruby-2.1.0/specifications/rdoc-4.1.1.gemspec
I, [2014-02-17T15:28:43.374486 #77742]  INFO -- : 0:  sass (3.2.14) from /Users/bmckinley/.rvm/gems/ruby-2.1.0/specifications/sass-3.2.14.gemspec
I, [2014-02-17T15:28:43.374872 #77742]  INFO -- : 0:  sass-rails (4.0.1) from /Users/bmckinley/.rvm/gems/ruby-2.1.0/specifications/sass-rails-4.0.1.gemspec
I, [2014-02-17T15:28:43.375252 #77742]  INFO -- : 0:  sdoc (0.4.0) from /Users/bmckinley/.rvm/gems/ruby-2.1.0/specifications/sdoc-0.4.0.gemspec
I, [2014-02-17T15:28:43.375640 #77742]  INFO -- : 0:  sqlite3 (1.3.8) from /Users/bmckinley/.rvm/gems/ruby-2.1.0/specifications/sqlite3-1.3.8.gemspec
I, [2014-02-17T15:28:43.376043 #77742]  INFO -- : 0:  turbolinks (2.2.1) from /Users/bmckinley/.rvm/gems/ruby-2.1.0/specifications/turbolinks-2.2.1.gemspec
I, [2014-02-17T15:28:45.096923 #77742]  INFO -- : 0:  uglifier (2.1.1) from /Users/bmckinley/.rvm/gems/ruby-2.1.0/specifications/uglifier-2.1.1.gemspec
I, [2014-02-17T15:28:50.558821 #77743]  INFO -- : 0:  rake (10.1.1) from /Users/bmckinley/.rvm/gems/ruby-2.1.0/specifications/rake-10.1.1.gemspec
I, [2014-02-17T15:28:50.559635 #77743]  INFO -- : 0:  i18n (0.6.9) from /Users/bmckinley/.rvm/gems/ruby-2.1.0/specifications/i18n-0.6.9.gemspec
I, [2014-02-17T15:28:50.560268 #77743]  INFO -- : 0:  minitest (4.7.5) from /Users/bmckinley/.rvm/rubies/ruby-2.1.0/lib/ruby/gems/2.1.0/specifications/default/minitest-4.7.5.gemspec
I, [2014-02-17T15:28:50.560883 #77743]  INFO -- : 0:  multi_json (1.8.4) from /Users/bmckinley/.rvm/gems/ruby-2.1.0/specifications/multi_json-1.8.4.gemspec
I, [2014-02-17T15:28:50.561532 #77743]  INFO -- : 0:  atomic (1.1.14) from /Users/bmckinley/.rvm/gems/ruby-2.1.0/specifications/atomic-1.1.14.gemspec
I, [2014-02-17T15:28:50.562072 #77743]  INFO -- : 0:  thread_safe (0.1.3) from /Users/bmckinley/.rvm/gems/ruby-2.1.0/specifications/thread_safe-0.1.3.gemspec
I, [2014-02-17T15:28:50.562597 #77743]  INFO -- : 0:  tzinfo (0.3.38) from /Users/bmckinley/.rvm/gems/ruby-2.1.0/specifications/tzinfo-0.3.38.gemspec
I, [2014-02-17T15:28:50.563207 #77743]  INFO -- : 0:  activesupport (4.0.2) from /Users/bmckinley/.rvm/gems/ruby-2.1.0/specifications/activesupport-4.0.2.gemspec
I, [2014-02-17T15:28:50.563769 #77743]  INFO -- : 0:  builder (3.1.4) from /Users/bmckinley/.rvm/gems/ruby-2.1.0/specifications/builder-3.1.4.gemspec
I, [2014-02-17T15:28:50.564361 #77743]  INFO -- : 0:  erubis (2.7.0) from /Users/bmckinley/.rvm/gems/ruby-2.1.0/specifications/erubis-2.7.0.gemspec
I, [2014-02-17T15:28:50.565007 #77743]  INFO -- : 0:  rack (1.5.2) from /Users/bmckinley/.rvm/gems/ruby-2.1.0/specifications/rack-1.5.2.gemspec
I, [2014-02-17T15:28:50.565662 #77743]  INFO -- : 0:  rack-test (0.6.2) from /Users/bmckinley/.rvm/gems/ruby-2.1.0/specifications/rack-test-0.6.2.gemspec
I, [2014-02-17T15:28:50.566107 #77743]  INFO -- : 0:  actionpack (4.0.2) from /Users/bmckinley/.rvm/gems/ruby-2.1.0/specifications/actionpack-4.0.2.gemspec
I, [2014-02-17T15:28:50.566586 #77743]  INFO -- : 0:  mime-types (1.25.1) from /Users/bmckinley/.rvm/gems/ruby-2.1.0/specifications/mime-types-1.25.1.gemspec
I, [2014-02-17T15:28:50.567220 #77743]  INFO -- : 0:  polyglot (0.3.3) from /Users/bmckinley/.rvm/gems/ruby-2.1.0/specifications/polyglot-0.3.3.gemspec
I, [2014-02-17T15:28:50.567816 #77743]  INFO -- : 0:  treetop (1.4.15) from /Users/bmckinley/.rvm/gems/ruby-2.1.0/specifications/treetop-1.4.15.gemspec
I, [2014-02-17T15:28:50.568379 #77743]  INFO -- : 0:  mail (2.5.4) from /Users/bmckinley/.rvm/gems/ruby-2.1.0/specifications/mail-2.5.4.gemspec
I, [2014-02-17T15:28:50.568791 #77743]  INFO -- : 0:  actionmailer (4.0.2) from /Users/bmckinley/.rvm/gems/ruby-2.1.0/specifications/actionmailer-4.0.2.gemspec
I, [2014-02-17T15:28:50.569199 #77743]  INFO -- : 0:  activemodel (4.0.2) from /Users/bmckinley/.rvm/gems/ruby-2.1.0/specifications/activemodel-4.0.2.gemspec
I, [2014-02-17T15:28:50.569734 #77743]  INFO -- : 0:  activerecord-deprecated_finders (1.0.3) from /Users/bmckinley/.rvm/gems/ruby-2.1.0/specifications/activerecord-deprecated_finders-1.0.3.gemspec
I, [2014-02-17T15:28:50.570156 #77743]  INFO -- : 0:  arel (4.0.2) from /Users/bmckinley/.rvm/gems/ruby-2.1.0/specifications/arel-4.0.2.gemspec
I, [2014-02-17T15:28:50.570527 #77743]  INFO -- : 0:  activerecord (4.0.2) from /Users/bmckinley/.rvm/gems/ruby-2.1.0/specifications/activerecord-4.0.2.gemspec
I, [2014-02-17T15:28:50.570878 #77743]  INFO -- : 0:  coffee-script-source (1.7.0) from /Users/bmckinley/.rvm/gems/ruby-2.1.0/specifications/coffee-script-source-1.7.0.gemspec
I, [2014-02-17T15:28:50.571456 #77743]  INFO -- : 0:  execjs (2.0.2) from /Users/bmckinley/.rvm/gems/ruby-2.1.0/specifications/execjs-2.0.2.gemspec
I, [2014-02-17T15:28:50.571950 #77743]  INFO -- : 0:  coffee-script (2.2.0) from /Users/bmckinley/.rvm/gems/ruby-2.1.0/specifications/coffee-script-2.2.0.gemspec
I, [2014-02-17T15:28:50.572362 #77743]  INFO -- : 0:  thor (0.18.1) from /Users/bmckinley/.rvm/gems/ruby-2.1.0/specifications/thor-0.18.1.gemspec
I, [2014-02-17T15:28:50.572884 #77743]  INFO -- : 0:  railties (4.0.2) from /Users/bmckinley/.rvm/gems/ruby-2.1.0/specifications/railties-4.0.2.gemspec
I, [2014-02-17T15:28:50.573418 #77743]  INFO -- : 0:  coffee-rails (4.0.1) from /Users/bmckinley/.rvm/gems/ruby-2.1.0/specifications/coffee-rails-4.0.1.gemspec
I, [2014-02-17T15:28:50.573832 #77743]  INFO -- : 0:  hike (1.2.3) from /Users/bmckinley/.rvm/gems/ruby-2.1.0/specifications/hike-1.2.3.gemspec
I, [2014-02-17T15:28:50.574300 #77743]  INFO -- : 0:  jbuilder (1.5.3) from /Users/bmckinley/.rvm/gems/ruby-2.1.0/specifications/jbuilder-1.5.3.gemspec
I, [2014-02-17T15:28:50.574716 #77743]  INFO -- : 0:  jquery-rails (3.0.4) from /Users/bmckinley/.rvm/gems/ruby-2.1.0/specifications/jquery-rails-3.0.4.gemspec
I, [2014-02-17T15:28:50.575123 #77743]  INFO -- : 0:  json (1.8.1) from /Users/bmckinley/.rvm/rubies/ruby-2.1.0/lib/ruby/gems/2.1.0/specifications/default/json-1.8.1.gemspec
I, [2014-02-17T15:28:50.575658 #77743]  INFO -- : 0:  bundler (1.5.1) from /Users/bmckinley/.rvm/gems/ruby-2.1.0@global/specifications/bundler-1.5.1.gemspec
I, [2014-02-17T15:28:50.576170 #77743]  INFO -- : 0:  tilt (1.4.1) from /Users/bmckinley/.rvm/gems/ruby-2.1.0/specifications/tilt-1.4.1.gemspec
I, [2014-02-17T15:28:50.576773 #77743]  INFO -- : 0:  sprockets (2.10.1) from /Users/bmckinley/.rvm/gems/ruby-2.1.0/specifications/sprockets-2.10.1.gemspec
I, [2014-02-17T15:28:50.577495 #77743]  INFO -- : 0:  sprockets-rails (2.0.1) from /Users/bmckinley/.rvm/gems/ruby-2.1.0/specifications/sprockets-rails-2.0.1.gemspec
I, [2014-02-17T15:28:50.578115 #77743]  INFO -- : 0:  rails (4.0.2) from /Users/bmckinley/.rvm/gems/ruby-2.1.0/specifications/rails-4.0.2.gemspec
I, [2014-02-17T15:28:50.578704 #77743]  INFO -- : 0:  rdoc (4.1.1) from /Users/bmckinley/.rvm/gems/ruby-2.1.0/specifications/rdoc-4.1.1.gemspec
I, [2014-02-17T15:28:50.579318 #77743]  INFO -- : 0:  sass (3.2.14) from /Users/bmckinley/.rvm/gems/ruby-2.1.0/specifications/sass-3.2.14.gemspec
I, [2014-02-17T15:28:50.579872 #77743]  INFO -- : 0:  sass-rails (4.0.1) from /Users/bmckinley/.rvm/gems/ruby-2.1.0/specifications/sass-rails-4.0.1.gemspec
I, [2014-02-17T15:28:50.580499 #77743]  INFO -- : 0:  sdoc (0.4.0) from /Users/bmckinley/.rvm/gems/ruby-2.1.0/specifications/sdoc-0.4.0.gemspec
I, [2014-02-17T15:28:50.580934 #77743]  INFO -- : 0:  sqlite3 (1.3.8) from /Users/bmckinley/.rvm/gems/ruby-2.1.0/specifications/sqlite3-1.3.8.gemspec
I, [2014-02-17T15:28:50.581463 #77743]  INFO -- : 0:  turbolinks (2.2.1) from /Users/bmckinley/.rvm/gems/ruby-2.1.0/specifications/turbolinks-2.2.1.gemspec
I, [2014-02-17T15:28:50.581931 #77743]  INFO -- : 0:  uglifier (2.1.1) from /Users/bmckinley/.rvm/gems/ruby-2.1.0/specifications/uglifier-2.1.1.gemspec
I, [2014-02-17T15:39:10.179817 #77824]  INFO -- : 0:  rake (10.1.1) from /Users/bmckinley/.rvm/gems/ruby-2.1.0/specifications/rake-10.1.1.gemspec
I, [2014-02-17T15:39:10.180290 #77824]  INFO -- : 0:  i18n (0.6.9) from /Users/bmckinley/.rvm/gems/ruby-2.1.0/specifications/i18n-0.6.9.gemspec
I, [2014-02-17T15:39:10.180615 #77824]  INFO -- : 0:  minitest (4.7.5) from /Users/bmckinley/.rvm/rubies/ruby-2.1.0/lib/ruby/gems/2.1.0/specifications/default/minitest-4.7.5.gemspec
I, [2014-02-17T15:39:10.180941 #77824]  INFO -- : 0:  multi_json (1.8.4) from /Users/bmckinley/.rvm/gems/ruby-2.1.0/specifications/multi_json-1.8.4.gemspec
I, [2014-02-17T15:39:10.181254 #77824]  INFO -- : 0:  atomic (1.1.14) from /Users/bmckinley/.rvm/gems/ruby-2.1.0/specifications/atomic-1.1.14.gemspec
I, [2014-02-17T15:39:10.181563 #77824]  INFO -- : 0:  thread_safe (0.1.3) from /Users/bmckinley/.rvm/gems/ruby-2.1.0/specifications/thread_safe-0.1.3.gemspec
I, [2014-02-17T15:39:10.181880 #77824]  INFO -- : 0:  tzinfo (0.3.38) from /Users/bmckinley/.rvm/gems/ruby-2.1.0/specifications/tzinfo-0.3.38.gemspec
I, [2014-02-17T15:39:10.182188 #77824]  INFO -- : 0:  activesupport (4.0.2) from /Users/bmckinley/.rvm/gems/ruby-2.1.0/specifications/activesupport-4.0.2.gemspec
I, [2014-02-17T15:39:10.182491 #77824]  INFO -- : 0:  builder (3.1.4) from /Users/bmckinley/.rvm/gems/ruby-2.1.0/specifications/builder-3.1.4.gemspec
I, [2014-02-17T15:39:10.182800 #77824]  INFO -- : 0:  erubis (2.7.0) from /Users/bmckinley/.rvm/gems/ruby-2.1.0/specifications/erubis-2.7.0.gemspec
I, [2014-02-17T15:39:10.183111 #77824]  INFO -- : 0:  rack (1.5.2) from /Users/bmckinley/.rvm/gems/ruby-2.1.0/specifications/rack-1.5.2.gemspec
I, [2014-02-17T15:39:10.183443 #77824]  INFO -- : 0:  rack-test (0.6.2) from /Users/bmckinley/.rvm/gems/ruby-2.1.0/specifications/rack-test-0.6.2.gemspec
I, [2014-02-17T15:39:10.183761 #77824]  INFO -- : 0:  actionpack (4.0.2) from /Users/bmckinley/.rvm/gems/ruby-2.1.0/specifications/actionpack-4.0.2.gemspec
I, [2014-02-17T15:39:10.184066 #77824]  INFO -- : 0:  mime-types (1.25.1) from /Users/bmckinley/.rvm/gems/ruby-2.1.0/specifications/mime-types-1.25.1.gemspec
I, [2014-02-17T15:39:10.184379 #77824]  INFO -- : 0:  polyglot (0.3.3) from /Users/bmckinley/.rvm/gems/ruby-2.1.0/specifications/polyglot-0.3.3.gemspec
I, [2014-02-17T15:39:10.184691 #77824]  INFO -- : 0:  treetop (1.4.15) from /Users/bmckinley/.rvm/gems/ruby-2.1.0/specifications/treetop-1.4.15.gemspec
I, [2014-02-17T15:39:10.184986 #77824]  INFO -- : 0:  mail (2.5.4) from /Users/bmckinley/.rvm/gems/ruby-2.1.0/specifications/mail-2.5.4.gemspec
I, [2014-02-17T15:39:10.185303 #77824]  INFO -- : 0:  actionmailer (4.0.2) from /Users/bmckinley/.rvm/gems/ruby-2.1.0/specifications/actionmailer-4.0.2.gemspec
I, [2014-02-17T15:39:10.185620 #77824]  INFO -- : 0:  activemodel (4.0.2) from /Users/bmckinley/.rvm/gems/ruby-2.1.0/specifications/activemodel-4.0.2.gemspec
I, [2014-02-17T15:39:10.185946 #77824]  INFO -- : 0:  activerecord-deprecated_finders (1.0.3) from /Users/bmckinley/.rvm/gems/ruby-2.1.0/specifications/activerecord-deprecated_finders-1.0.3.gemspec
I, [2014-02-17T15:39:10.186253 #77824]  INFO -- : 0:  arel (4.0.2) from /Users/bmckinley/.rvm/gems/ruby-2.1.0/specifications/arel-4.0.2.gemspec
I, [2014-02-17T15:39:10.186561 #77824]  INFO -- : 0:  activerecord (4.0.2) from /Users/bmckinley/.rvm/gems/ruby-2.1.0/specifications/activerecord-4.0.2.gemspec
I, [2014-02-17T15:39:10.186866 #77824]  INFO -- : 0:  coffee-script-source (1.7.0) from /Users/bmckinley/.rvm/gems/ruby-2.1.0/specifications/coffee-script-source-1.7.0.gemspec
I, [2014-02-17T15:39:10.187182 #77824]  INFO -- : 0:  execjs (2.0.2) from /Users/bmckinley/.rvm/gems/ruby-2.1.0/specifications/execjs-2.0.2.gemspec
I, [2014-02-17T15:39:10.187490 #77824]  INFO -- : 0:  coffee-script (2.2.0) from /Users/bmckinley/.rvm/gems/ruby-2.1.0/specifications/coffee-script-2.2.0.gemspec
I, [2014-02-17T15:39:10.187803 #77824]  INFO -- : 0:  thor (0.18.1) from /Users/bmckinley/.rvm/gems/ruby-2.1.0/specifications/thor-0.18.1.gemspec
I, [2014-02-17T15:39:10.188103 #77824]  INFO -- : 0:  railties (4.0.2) from /Users/bmckinley/.rvm/gems/ruby-2.1.0/specifications/railties-4.0.2.gemspec
I, [2014-02-17T15:39:10.188438 #77824]  INFO -- : 0:  coffee-rails (4.0.1) from /Users/bmckinley/.rvm/gems/ruby-2.1.0/specifications/coffee-rails-4.0.1.gemspec
I, [2014-02-17T15:39:10.188767 #77824]  INFO -- : 0:  hike (1.2.3) from /Users/bmckinley/.rvm/gems/ruby-2.1.0/specifications/hike-1.2.3.gemspec
I, [2014-02-17T15:39:10.189074 #77824]  INFO -- : 0:  jbuilder (1.5.3) from /Users/bmckinley/.rvm/gems/ruby-2.1.0/specifications/jbuilder-1.5.3.gemspec
I, [2014-02-17T15:39:10.189393 #77824]  INFO -- : 0:  jquery-rails (3.0.4) from /Users/bmckinley/.rvm/gems/ruby-2.1.0/specifications/jquery-rails-3.0.4.gemspec
I, [2014-02-17T15:39:10.189679 #77824]  INFO -- : 0:  json (1.8.1) from /Users/bmckinley/.rvm/rubies/ruby-2.1.0/lib/ruby/gems/2.1.0/specifications/default/json-1.8.1.gemspec
I, [2014-02-17T15:39:10.189981 #77824]  INFO -- : 0:  bundler (1.5.1) from /Users/bmckinley/.rvm/gems/ruby-2.1.0@global/specifications/bundler-1.5.1.gemspec
I, [2014-02-17T15:39:10.190290 #77824]  INFO -- : 0:  tilt (1.4.1) from /Users/bmckinley/.rvm/gems/ruby-2.1.0/specifications/tilt-1.4.1.gemspec
I, [2014-02-17T15:39:10.190601 #77824]  INFO -- : 0:  sprockets (2.10.1) from /Users/bmckinley/.rvm/gems/ruby-2.1.0/specifications/sprockets-2.10.1.gemspec
I, [2014-02-17T15:39:10.190905 #77824]  INFO -- : 0:  sprockets-rails (2.0.1) from /Users/bmckinley/.rvm/gems/ruby-2.1.0/specifications/sprockets-rails-2.0.1.gemspec
I, [2014-02-17T15:39:10.191211 #77824]  INFO -- : 0:  rails (4.0.2) from /Users/bmckinley/.rvm/gems/ruby-2.1.0/specifications/rails-4.0.2.gemspec
I, [2014-02-17T15:39:10.191519 #77824]  INFO -- : 0:  rdoc (4.1.1) from /Users/bmckinley/.rvm/gems/ruby-2.1.0/specifications/rdoc-4.1.1.gemspec
I, [2014-02-17T15:39:10.191829 #77824]  INFO -- : 0:  sass (3.2.14) from /Users/bmckinley/.rvm/gems/ruby-2.1.0/specifications/sass-3.2.14.gemspec
I, [2014-02-17T15:39:10.192130 #77824]  INFO -- : 0:  sass-rails (4.0.1) from /Users/bmckinley/.rvm/gems/ruby-2.1.0/specifications/sass-rails-4.0.1.gemspec
I, [2014-02-17T15:39:10.192431 #77824]  INFO -- : 0:  sdoc (0.4.0) from /Users/bmckinley/.rvm/gems/ruby-2.1.0/specifications/sdoc-0.4.0.gemspec
I, [2014-02-17T15:39:10.192740 #77824]  INFO -- : 0:  sqlite3 (1.3.8) from /Users/bmckinley/.rvm/gems/ruby-2.1.0/specifications/sqlite3-1.3.8.gemspec
I, [2014-02-17T15:39:10.193044 #77824]  INFO -- : 0:  turbolinks (2.2.1) from /Users/bmckinley/.rvm/gems/ruby-2.1.0/specifications/turbolinks-2.2.1.gemspec
I, [2014-02-17T15:39:10.193371 #77824]  INFO -- : 0:  uglifier (2.1.1) from /Users/bmckinley/.rvm/gems/ruby-2.1.0/specifications/uglifier-2.1.1.gemspec
I, [2014-02-17T16:03:43.131172 #78660]  INFO -- : 0:  rake (10.1.1) from /Users/bmckinley/.rvm/gems/ruby-2.1.0/specifications/rake-10.1.1.gemspec
I, [2014-02-17T16:03:43.131606 #78660]  INFO -- : 0:  i18n (0.6.9) from /Users/bmckinley/.rvm/gems/ruby-2.1.0/specifications/i18n-0.6.9.gemspec
I, [2014-02-17T16:03:43.131917 #78660]  INFO -- : 0:  minitest (4.7.5) from /Users/bmckinley/.rvm/rubies/ruby-2.1.0/lib/ruby/gems/2.1.0/specifications/default/minitest-4.7.5.gemspec
I, [2014-02-17T16:03:43.132358 #78660]  INFO -- : 0:  multi_json (1.8.4) from /Users/bmckinley/.rvm/gems/ruby-2.1.0/specifications/multi_json-1.8.4.gemspec
I, [2014-02-17T16:03:43.132793 #78660]  INFO -- : 0:  atomic (1.1.14) from /Users/bmckinley/.rvm/gems/ruby-2.1.0/specifications/atomic-1.1.14.gemspec
I, [2014-02-17T16:03:43.133215 #78660]  INFO -- : 0:  thread_safe (0.1.3) from /Users/bmckinley/.rvm/gems/ruby-2.1.0/specifications/thread_safe-0.1.3.gemspec
I, [2014-02-17T16:03:43.133537 #78660]  INFO -- : 0:  tzinfo (0.3.38) from /Users/bmckinley/.rvm/gems/ruby-2.1.0/specifications/tzinfo-0.3.38.gemspec
I, [2014-02-17T16:03:43.133862 #78660]  INFO -- : 0:  activesupport (4.0.2) from /Users/bmckinley/.rvm/gems/ruby-2.1.0/specifications/activesupport-4.0.2.gemspec
I, [2014-02-17T16:03:43.134174 #78660]  INFO -- : 0:  builder (3.1.4) from /Users/bmckinley/.rvm/gems/ruby-2.1.0/specifications/builder-3.1.4.gemspec
I, [2014-02-17T16:03:43.134516 #78660]  INFO -- : 0:  erubis (2.7.0) from /Users/bmckinley/.rvm/gems/ruby-2.1.0/specifications/erubis-2.7.0.gemspec
I, [2014-02-17T16:03:43.134859 #78660]  INFO -- : 0:  rack (1.5.2) from /Users/bmckinley/.rvm/gems/ruby-2.1.0/specifications/rack-1.5.2.gemspec
I, [2014-02-17T16:03:43.135179 #78660]  INFO -- : 0:  rack-test (0.6.2) from /Users/bmckinley/.rvm/gems/ruby-2.1.0/specifications/rack-test-0.6.2.gemspec
I, [2014-02-17T16:03:43.135501 #78660]  INFO -- : 0:  actionpack (4.0.2) from /Users/bmckinley/.rvm/gems/ruby-2.1.0/specifications/actionpack-4.0.2.gemspec
I, [2014-02-17T16:03:43.135813 #78660]  INFO -- : 0:  mime-types (1.25.1) from /Users/bmckinley/.rvm/gems/ruby-2.1.0/specifications/mime-types-1.25.1.gemspec
I, [2014-02-17T16:03:43.136126 #78660]  INFO -- : 0:  polyglot (0.3.3) from /Users/bmckinley/.rvm/gems/ruby-2.1.0/specifications/polyglot-0.3.3.gemspec
I, [2014-02-17T16:03:43.136444 #78660]  INFO -- : 0:  treetop (1.4.15) from /Users/bmckinley/.rvm/gems/ruby-2.1.0/specifications/treetop-1.4.15.gemspec
I, [2014-02-17T16:03:43.136738 #78660]  INFO -- : 0:  mail (2.5.4) from /Users/bmckinley/.rvm/gems/ruby-2.1.0/specifications/mail-2.5.4.gemspec
I, [2014-02-17T16:03:43.137042 #78660]  INFO -- : 0:  actionmailer (4.0.2) from /Users/bmckinley/.rvm/gems/ruby-2.1.0/specifications/actionmailer-4.0.2.gemspec
I, [2014-02-17T16:03:43.137391 #78660]  INFO -- : 0:  activemodel (4.0.2) from /Users/bmckinley/.rvm/gems/ruby-2.1.0/specifications/activemodel-4.0.2.gemspec
I, [2014-02-17T16:03:43.137699 #78660]  INFO -- : 0:  activerecord-deprecated_finders (1.0.3) from /Users/bmckinley/.rvm/gems/ruby-2.1.0/specifications/activerecord-deprecated_finders-1.0.3.gemspec
I, [2014-02-17T16:03:43.138005 #78660]  INFO -- : 0:  arel (4.0.2) from /Users/bmckinley/.rvm/gems/ruby-2.1.0/specifications/arel-4.0.2.gemspec
I, [2014-02-17T16:03:43.138308 #78660]  INFO -- : 0:  activerecord (4.0.2) from /Users/bmckinley/.rvm/gems/ruby-2.1.0/specifications/activerecord-4.0.2.gemspec
I, [2014-02-17T16:03:43.138613 #78660]  INFO -- : 0:  bundler (1.5.1) from /Users/bmckinley/.rvm/gems/ruby-2.1.0@global/specifications/bundler-1.5.1.gemspec
I, [2014-02-17T16:03:43.138920 #78660]  INFO -- : 0:  coffee-script-source (1.7.0) from /Users/bmckinley/.rvm/gems/ruby-2.1.0/specifications/coffee-script-source-1.7.0.gemspec
I, [2014-02-17T16:03:43.139221 #78660]  INFO -- : 0:  execjs (2.0.2) from /Users/bmckinley/.rvm/gems/ruby-2.1.0/specifications/execjs-2.0.2.gemspec
I, [2014-02-17T16:03:43.139537 #78660]  INFO -- : 0:  coffee-script (2.2.0) from /Users/bmckinley/.rvm/gems/ruby-2.1.0/specifications/coffee-script-2.2.0.gemspec
I, [2014-02-17T16:03:43.139840 #78660]  INFO -- : 0:  thor (0.18.1) from /Users/bmckinley/.rvm/gems/ruby-2.1.0/specifications/thor-0.18.1.gemspec
I, [2014-02-17T16:03:43.140180 #78660]  INFO -- : 0:  railties (4.0.2) from /Users/bmckinley/.rvm/gems/ruby-2.1.0/specifications/railties-4.0.2.gemspec
I, [2014-02-17T16:03:43.140510 #78660]  INFO -- : 0:  coffee-rails (4.0.1) from /Users/bmckinley/.rvm/gems/ruby-2.1.0/specifications/coffee-rails-4.0.1.gemspec
I, [2014-02-17T16:03:43.140820 #78660]  INFO -- : 0:  hike (1.2.3) from /Users/bmckinley/.rvm/gems/ruby-2.1.0/specifications/hike-1.2.3.gemspec
I, [2014-02-17T16:03:43.141149 #78660]  INFO -- : 0:  jbuilder (1.5.3) from /Users/bmckinley/.rvm/gems/ruby-2.1.0/specifications/jbuilder-1.5.3.gemspec
I, [2014-02-17T16:03:43.141476 #78660]  INFO -- : 0:  jquery-rails (3.0.4) from /Users/bmckinley/.rvm/gems/ruby-2.1.0/specifications/jquery-rails-3.0.4.gemspec
I, [2014-02-17T16:03:43.141865 #78660]  INFO -- : 0:  json (1.8.1) from /Users/bmckinley/.rvm/rubies/ruby-2.1.0/lib/ruby/gems/2.1.0/specifications/default/json-1.8.1.gemspec
I, [2014-02-17T16:03:43.142167 #78660]  INFO -- : 0:  tilt (1.4.1) from /Users/bmckinley/.rvm/gems/ruby-2.1.0/specifications/tilt-1.4.1.gemspec
I, [2014-02-17T16:03:43.142541 #78660]  INFO -- : 0:  sprockets (2.10.1) from /Users/bmckinley/.rvm/gems/ruby-2.1.0/specifications/sprockets-2.10.1.gemspec
I, [2014-02-17T16:03:43.143011 #78660]  INFO -- : 0:  sprockets-rails (2.0.1) from /Users/bmckinley/.rvm/gems/ruby-2.1.0/specifications/sprockets-rails-2.0.1.gemspec
I, [2014-02-17T16:03:43.143414 #78660]  INFO -- : 0:  rails (4.0.2) from /Users/bmckinley/.rvm/gems/ruby-2.1.0/specifications/rails-4.0.2.gemspec
I, [2014-02-17T16:03:43.143933 #78660]  INFO -- : 0:  rdoc (4.1.1) from /Users/bmckinley/.rvm/gems/ruby-2.1.0/specifications/rdoc-4.1.1.gemspec
I, [2014-02-17T16:03:43.144309 #78660]  INFO -- : 0:  sass (3.2.14) from /Users/bmckinley/.rvm/gems/ruby-2.1.0/specifications/sass-3.2.14.gemspec
I, [2014-02-17T16:03:43.144637 #78660]  INFO -- : 0:  sass-rails (4.0.1) from /Users/bmckinley/.rvm/gems/ruby-2.1.0/specifications/sass-rails-4.0.1.gemspec
I, [2014-02-17T16:03:43.144952 #78660]  INFO -- : 0:  sdoc (0.4.0) from /Users/bmckinley/.rvm/gems/ruby-2.1.0/specifications/sdoc-0.4.0.gemspec
I, [2014-02-17T16:03:43.145297 #78660]  INFO -- : 0:  sqlite3 (1.3.8) from /Users/bmckinley/.rvm/gems/ruby-2.1.0/specifications/sqlite3-1.3.8.gemspec
I, [2014-02-17T16:03:43.145637 #78660]  INFO -- : 0:  turbolinks (2.2.1) from /Users/bmckinley/.rvm/gems/ruby-2.1.0/specifications/turbolinks-2.2.1.gemspec
I, [2014-02-17T16:03:43.145974 #78660]  INFO -- : 0:  uglifier (2.1.1) from /Users/bmckinley/.rvm/gems/ruby-2.1.0/specifications/uglifier-2.1.1.gemspec
I, [2014-02-17T16:03:55.173527 #78661]  INFO -- : 0:  rake (10.1.1) from /Users/bmckinley/.rvm/gems/ruby-2.1.0/specifications/rake-10.1.1.gemspec
I, [2014-02-17T16:03:55.174040 #78661]  INFO -- : 0:  i18n (0.6.9) from /Users/bmckinley/.rvm/gems/ruby-2.1.0/specifications/i18n-0.6.9.gemspec
I, [2014-02-17T16:03:55.174523 #78661]  INFO -- : 0:  minitest (4.7.5) from /Users/bmckinley/.rvm/rubies/ruby-2.1.0/lib/ruby/gems/2.1.0/specifications/default/minitest-4.7.5.gemspec
I, [2014-02-17T16:03:55.174918 #78661]  INFO -- : 0:  multi_json (1.8.4) from /Users/bmckinley/.rvm/gems/ruby-2.1.0/specifications/multi_json-1.8.4.gemspec
I, [2014-02-17T16:03:55.175330 #78661]  INFO -- : 0:  atomic (1.1.14) from /Users/bmckinley/.rvm/gems/ruby-2.1.0/specifications/atomic-1.1.14.gemspec
I, [2014-02-17T16:03:55.175750 #78661]  INFO -- : 0:  thread_safe (0.1.3) from /Users/bmckinley/.rvm/gems/ruby-2.1.0/specifications/thread_safe-0.1.3.gemspec
I, [2014-02-17T16:03:55.176164 #78661]  INFO -- : 0:  tzinfo (0.3.38) from /Users/bmckinley/.rvm/gems/ruby-2.1.0/specifications/tzinfo-0.3.38.gemspec
I, [2014-02-17T16:03:55.176595 #78661]  INFO -- : 0:  activesupport (4.0.2) from /Users/bmckinley/.rvm/gems/ruby-2.1.0/specifications/activesupport-4.0.2.gemspec
I, [2014-02-17T16:03:55.176980 #78661]  INFO -- : 0:  builder (3.1.4) from /Users/bmckinley/.rvm/gems/ruby-2.1.0/specifications/builder-3.1.4.gemspec
I, [2014-02-17T16:03:55.177376 #78661]  INFO -- : 0:  erubis (2.7.0) from /Users/bmckinley/.rvm/gems/ruby-2.1.0/specifications/erubis-2.7.0.gemspec
I, [2014-02-17T16:03:55.177776 #78661]  INFO -- : 0:  rack (1.5.2) from /Users/bmckinley/.rvm/gems/ruby-2.1.0/specifications/rack-1.5.2.gemspec
I, [2014-02-17T16:03:55.178177 #78661]  INFO -- : 0:  rack-test (0.6.2) from /Users/bmckinley/.rvm/gems/ruby-2.1.0/specifications/rack-test-0.6.2.gemspec
I, [2014-02-17T16:03:55.178563 #78661]  INFO -- : 0:  actionpack (4.0.2) from /Users/bmckinley/.rvm/gems/ruby-2.1.0/specifications/actionpack-4.0.2.gemspec
I, [2014-02-17T16:03:55.178946 #78661]  INFO -- : 0:  mime-types (1.25.1) from /Users/bmckinley/.rvm/gems/ruby-2.1.0/specifications/mime-types-1.25.1.gemspec
I, [2014-02-17T16:03:55.179329 #78661]  INFO -- : 0:  polyglot (0.3.3) from /Users/bmckinley/.rvm/gems/ruby-2.1.0/specifications/polyglot-0.3.3.gemspec
I, [2014-02-17T16:03:55.179716 #78661]  INFO -- : 0:  treetop (1.4.15) from /Users/bmckinley/.rvm/gems/ruby-2.1.0/specifications/treetop-1.4.15.gemspec
I, [2014-02-17T16:03:55.180102 #78661]  INFO -- : 0:  mail (2.5.4) from /Users/bmckinley/.rvm/gems/ruby-2.1.0/specifications/mail-2.5.4.gemspec
I, [2014-02-17T16:03:55.180499 #78661]  INFO -- : 0:  actionmailer (4.0.2) from /Users/bmckinley/.rvm/gems/ruby-2.1.0/specifications/actionmailer-4.0.2.gemspec
I, [2014-02-17T16:03:55.180895 #78661]  INFO -- : 0:  activemodel (4.0.2) from /Users/bmckinley/.rvm/gems/ruby-2.1.0/specifications/activemodel-4.0.2.gemspec
I, [2014-02-17T16:03:55.181297 #78661]  INFO -- : 0:  activerecord-deprecated_finders (1.0.3) from /Users/bmckinley/.rvm/gems/ruby-2.1.0/specifications/activerecord-deprecated_finders-1.0.3.gemspec
I, [2014-02-17T16:03:55.181660 #78661]  INFO -- : 0:  arel (4.0.2) from /Users/bmckinley/.rvm/gems/ruby-2.1.0/specifications/arel-4.0.2.gemspec
I, [2014-02-17T16:03:55.182049 #78661]  INFO -- : 0:  activerecord (4.0.2) from /Users/bmckinley/.rvm/gems/ruby-2.1.0/specifications/activerecord-4.0.2.gemspec
I, [2014-02-17T16:03:55.182444 #78661]  INFO -- : 0:  coffee-script-source (1.7.0) from /Users/bmckinley/.rvm/gems/ruby-2.1.0/specifications/coffee-script-source-1.7.0.gemspec
I, [2014-02-17T16:03:55.182827 #78661]  INFO -- : 0:  execjs (2.0.2) from /Users/bmckinley/.rvm/gems/ruby-2.1.0/specifications/execjs-2.0.2.gemspec
I, [2014-02-17T16:03:55.183221 #78661]  INFO -- : 0:  coffee-script (2.2.0) from /Users/bmckinley/.rvm/gems/ruby-2.1.0/specifications/coffee-script-2.2.0.gemspec
I, [2014-02-17T16:03:55.183625 #78661]  INFO -- : 0:  thor (0.18.1) from /Users/bmckinley/.rvm/gems/ruby-2.1.0/specifications/thor-0.18.1.gemspec
I, [2014-02-17T16:03:55.184030 #78661]  INFO -- : 0:  railties (4.0.2) from /Users/bmckinley/.rvm/gems/ruby-2.1.0/specifications/railties-4.0.2.gemspec
I, [2014-02-17T16:03:55.184428 #78661]  INFO -- : 0:  coffee-rails (4.0.1) from /Users/bmckinley/.rvm/gems/ruby-2.1.0/specifications/coffee-rails-4.0.1.gemspec
I, [2014-02-17T16:03:55.184805 #78661]  INFO -- : 0:  hike (1.2.3) from /Users/bmckinley/.rvm/gems/ruby-2.1.0/specifications/hike-1.2.3.gemspec
I, [2014-02-17T16:03:55.185218 #78661]  INFO -- : 0:  jbuilder (1.5.3) from /Users/bmckinley/.rvm/gems/ruby-2.1.0/specifications/jbuilder-1.5.3.gemspec
I, [2014-02-17T16:03:55.185632 #78661]  INFO -- : 0:  jquery-rails (3.0.4) from /Users/bmckinley/.rvm/gems/ruby-2.1.0/specifications/jquery-rails-3.0.4.gemspec
I, [2014-02-17T16:03:55.186005 #78661]  INFO -- : 0:  json (1.8.1) from /Users/bmckinley/.rvm/rubies/ruby-2.1.0/lib/ruby/gems/2.1.0/specifications/default/json-1.8.1.gemspec
I, [2014-02-17T16:03:55.186414 #78661]  INFO -- : 0:  bundler (1.5.1) from /Users/bmckinley/.rvm/gems/ruby-2.1.0@global/specifications/bundler-1.5.1.gemspec
I, [2014-02-17T16:03:55.186803 #78661]  INFO -- : 0:  tilt (1.4.1) from /Users/bmckinley/.rvm/gems/ruby-2.1.0/specifications/tilt-1.4.1.gemspec
I, [2014-02-17T16:03:55.187195 #78661]  INFO -- : 0:  sprockets (2.10.1) from /Users/bmckinley/.rvm/gems/ruby-2.1.0/specifications/sprockets-2.10.1.gemspec
I, [2014-02-17T16:03:55.187610 #78661]  INFO -- : 0:  sprockets-rails (2.0.1) from /Users/bmckinley/.rvm/gems/ruby-2.1.0/specifications/sprockets-rails-2.0.1.gemspec
I, [2014-02-17T16:03:55.188002 #78661]  INFO -- : 0:  rails (4.0.2) from /Users/bmckinley/.rvm/gems/ruby-2.1.0/specifications/rails-4.0.2.gemspec
I, [2014-02-17T16:03:55.188382 #78661]  INFO -- : 0:  rdoc (4.1.1) from /Users/bmckinley/.rvm/gems/ruby-2.1.0/specifications/rdoc-4.1.1.gemspec
I, [2014-02-17T16:03:55.188779 #78661]  INFO -- : 0:  sass (3.2.14) from /Users/bmckinley/.rvm/gems/ruby-2.1.0/specifications/sass-3.2.14.gemspec
I, [2014-02-17T16:03:55.189164 #78661]  INFO -- : 0:  sass-rails (4.0.1) from /Users/bmckinley/.rvm/gems/ruby-2.1.0/specifications/sass-rails-4.0.1.gemspec
I, [2014-02-17T16:03:55.189546 #78661]  INFO -- : 0:  sdoc (0.4.0) from /Users/bmckinley/.rvm/gems/ruby-2.1.0/specifications/sdoc-0.4.0.gemspec
I, [2014-02-17T16:03:55.189925 #78661]  INFO -- : 0:  sqlite3 (1.3.8) from /Users/bmckinley/.rvm/gems/ruby-2.1.0/specifications/sqlite3-1.3.8.gemspec
I, [2014-02-17T16:03:55.190310 #78661]  INFO -- : 0:  turbolinks (2.2.1) from /Users/bmckinley/.rvm/gems/ruby-2.1.0/specifications/turbolinks-2.2.1.gemspec
I, [2014-02-17T16:03:55.190752 #78661]  INFO -- : 0:  uglifier (2.1.1) from /Users/bmckinley/.rvm/gems/ruby-2.1.0/specifications/uglifier-2.1.1.gemspec
